# JRE version: OpenJDK Runtime Environment Temurin-17.0.13+11 (17.0.13+11) (build 17.0.13+11)
# Java VM: OpenJDK 64-Bit Server VM Temurin-17.0.13+11 (17.0.13+11, mixed mode, tiered, compressed oops, compressed class ptrs, parallel gc, linux-amd64)
GC Precious Log:
 CPUs: 16 total, 8 available
 Memory: 6865M
 Large Page Support: Disabled
 NUMA Support: Disabled
 Compressed Oops: Enabled (32-bit)
 Alignments: Space 512K, Generation 512K, Heap 2M
 Heap Min Capacity: 100M
 Heap Initial Capacity: 100M
 Heap Max Capacity: 1G
 Pre-touch: Disabled
 Parallel Workers: 8
Heap:
 PSYoungGen      total 12288K, used 10825K [0x00000000eab00000, 0x00000000eba80000, 0x0000000100000000)
  eden space 10240K, 87% used [0x00000000eab00000,0x00000000eb3bf180,0x00000000eb500000)
  from space 2048K, 91% used [0x00000000eb880000,0x00000000eba53620,0x00000000eba80000)
  to   space 2560K, 0% used [0x00000000eb580000,0x00000000eb580000,0x00000000eb800000)
 ParOldGen       total 333824K, used 322119K [0x00000000c0000000, 0x00000000d4600000, 0x00000000eab00000)
  object space 333824K, 96% used [0x00000000c0000000,0x00000000d3a91d38,0x00000000d4600000)
 Metaspace       used 101392K, committed 102976K, reserved 1179648K
  class space    used 10405K, committed 11136K, reserved 1048576K
GC Heap History (20 events):
Event: 700,910 GC heap before
{Heap before GC invocations=818 (full 32):
 PSYoungGen      total 15872K, used 15844K [0x00000000eab00000, 0x00000000ebc80000, 0x0000000100000000)
  eden space 14848K, 100% used [0x00000000eab00000,0x00000000eb980000,0x00000000eb980000)
  from space 1024K, 97% used [0x00000000ebb80000,0x00000000ebc79230,0x00000000ebc80000)
  to   space 1536K, 0% used [0x00000000eb980000,0x00000000eb980000,0x00000000ebb00000)
 ParOldGen       total 333824K, used 264695K [0x00000000c0000000, 0x00000000d4600000, 0x00000000eab00000)
  object space 333824K, 79% used [0x00000000c0000000,0x00000000d027de78,0x00000000d4600000)
 Metaspace       used 101339K, committed 102912K, reserved 1179648K
  class space    used 10405K, committed 11136K, reserved 1048576K
}
Event: 700,914 GC heap after
{Heap after GC invocations=818 (full 32):
 PSYoungGen      total 16384K, used 570K [0x00000000eab00000, 0x00000000ebc00000, 0x0000000100000000)
  eden space 14848K, 0% used [0x00000000eab00000,0x00000000eab00000,0x00000000eb980000)
  from space 1536K, 37% used [0x00000000eb980000,0x00000000eba0e920,0x00000000ebb00000)
  to   space 1024K, 0% used [0x00000000ebb00000,0x00000000ebb00000,0x00000000ebc00000)
 ParOldGen       total 333824K, used 265688K [0x00000000c0000000, 0x00000000d4600000, 0x00000000eab00000)
  object space 333824K, 79% used [0x00000000c0000000,0x00000000d03760e8,0x00000000d4600000)
 Metaspace       used 101339K, committed 102912K, reserved 1179648K
  class space    used 10405K, committed 11136K, reserved 1048576K
}
Event: 700,970 GC heap before
{Heap before GC invocations=819 (full 32):
 PSYoungGen      total 16384K, used 15418K [0x00000000eab00000, 0x00000000ebc00000, 0x0000000100000000)
  eden space 14848K, 100% used [0x00000000eab00000,0x00000000eb980000,0x00000000eb980000)
  from space 1536K, 37% used [0x00000000eb980000,0x00000000eba0e920,0x00000000ebb00000)
  to   space 1024K, 0% used [0x00000000ebb00000,0x00000000ebb00000,0x00000000ebc00000)
 ParOldGen       total 333824K, used 265688K [0x00000000c0000000, 0x00000000d4600000, 0x00000000eab00000)
  object space 333824K, 79% used [0x00000000c0000000,0x00000000d03760e8,0x00000000d4600000)
 Metaspace       used 101349K, committed 102976K, reserved 1179648K
  class space    used 10405K, committed 11136K, reserved 1048576K
}
Event: 700,976 GC heap after
{Heap after GC invocations=819 (full 32):
 PSYoungGen      total 11264K, used 1018K [0x00000000eab00000, 0x00000000ec580000, 0x0000000100000000)
  eden space 10240K, 0% used [0x00000000eab00000,0x00000000eab00000,0x00000000eb500000)
  from space 1024K, 99% used [0x00000000ebb00000,0x00000000ebbfe9b8,0x00000000ebc00000)
  to   space 6144K, 0% used [0x00000000eb500000,0x00000000eb500000,0x00000000ebb00000)
 ParOldGen       total 333824K, used 269798K [0x00000000c0000000, 0x00000000d4600000, 0x00000000eab00000)
  object space 333824K, 80% used [0x00000000c0000000,0x00000000d07798e0,0x00000000d4600000)
 Metaspace       used 101349K, committed 102976K, reserved 1179648K
  class space    used 10405K, committed 11136K, reserved 1048576K
}
Event: 700,999 GC heap before
{Heap before GC invocations=820 (full 32):
 PSYoungGen      total 11264K, used 11258K [0x00000000eab00000, 0x00000000ec580000, 0x0000000100000000)
  eden space 10240K, 100% used [0x00000000eab00000,0x00000000eb500000,0x00000000eb500000)
  from space 1024K, 99% used [0x00000000ebb00000,0x00000000ebbfe9b8,0x00000000ebc00000)
  to   space 6144K, 0% used [0x00000000eb500000,0x00000000eb500000,0x00000000ebb00000)
 ParOldGen       total 333824K, used 269798K [0x00000000c0000000, 0x00000000d4600000, 0x00000000eab00000)
  object space 333824K, 80% used [0x00000000c0000000,0x00000000d07798e0,0x00000000d4600000)
 Metaspace       used 101350K, committed 102976K, reserved 1179648K
  class space    used 10405K, committed 11136K, reserved 1048576K
}
Event: 701,006 GC heap after
{Heap after GC invocations=820 (full 32):
 PSYoungGen      total 14848K, used 4420K [0x00000000eab00000, 0x00000000ebf00000, 0x0000000100000000)
  eden space 10240K, 0% used [0x00000000eab00000,0x00000000eab00000,0x00000000eb500000)
  from space 4608K, 95% used [0x00000000eb500000,0x00000000eb951210,0x00000000eb980000)
  to   space 5120K, 0% used [0x00000000eba00000,0x00000000eba00000,0x00000000ebf00000)
 ParOldGen       total 333824K, used 270548K [0x00000000c0000000, 0x00000000d4600000, 0x00000000eab00000)
  object space 333824K, 81% used [0x00000000c0000000,0x00000000d0835098,0x00000000d4600000)
 Metaspace       used 101350K, committed 102976K, reserved 1179648K
  class space    used 10405K, committed 11136K, reserved 1048576K
}
Event: 701,025 GC heap before
{Heap before GC invocations=821 (full 32):
 PSYoungGen      total 14848K, used 14660K [0x00000000eab00000, 0x00000000ebf00000, 0x0000000100000000)
  eden space 10240K, 100% used [0x00000000eab00000,0x00000000eb500000,0x00000000eb500000)
  from space 4608K, 95% used [0x00000000eb500000,0x00000000eb951210,0x00000000eb980000)
  to   space 5120K, 0% used [0x00000000eba00000,0x00000000eba00000,0x00000000ebf00000)
 ParOldGen       total 333824K, used 270548K [0x00000000c0000000, 0x00000000d4600000, 0x00000000eab00000)
  object space 333824K, 81% used [0x00000000c0000000,0x00000000d0835098,0x00000000d4600000)
 Metaspace       used 101350K, committed 102976K, reserved 1179648K
  class space    used 10405K, committed 11136K, reserved 1048576K
}
Event: 701,037 GC heap after
{Heap after GC invocations=821 (full 32):
 PSYoungGen      total 9728K, used 5120K [0x00000000eab00000, 0x00000000ecc00000, 0x0000000100000000)
  eden space 4608K, 0% used [0x00000000eab00000,0x00000000eab00000,0x00000000eaf80000)
  from space 5120K, 100% used [0x00000000eba00000,0x00000000ebf00000,0x00000000ebf00000)
  to   space 10752K, 0% used [0x00000000eaf80000,0x00000000eaf80000,0x00000000eba00000)
 ParOldGen       total 333824K, used 274992K [0x00000000c0000000, 0x00000000d4600000, 0x00000000eab00000)
  object space 333824K, 82% used [0x00000000c0000000,0x00000000d0c8c2b8,0x00000000d4600000)
 Metaspace       used 101350K, committed 102976K, reserved 1179648K
  class space    used 10405K, committed 11136K, reserved 1048576K
}
Event: 701,053 GC heap before
{Heap before GC invocations=822 (full 32):
 PSYoungGen      total 9728K, used 9728K [0x00000000eab00000, 0x00000000ecc00000, 0x0000000100000000)
  eden space 4608K, 100% used [0x00000000eab00000,0x00000000eaf80000,0x00000000eaf80000)
  from space 5120K, 100% used [0x00000000eba00000,0x00000000ebf00000,0x00000000ebf00000)
  to   space 10752K, 0% used [0x00000000eaf80000,0x00000000eaf80000,0x00000000eba00000)
 ParOldGen       total 333824K, used 274992K [0x00000000c0000000, 0x00000000d4600000, 0x00000000eab00000)
  object space 333824K, 82% used [0x00000000c0000000,0x00000000d0c8c2b8,0x00000000d4600000)
 Metaspace       used 101355K, committed 102976K, reserved 1179648K
  class space    used 10405K, committed 11136K, reserved 1048576K
}
Event: 701,062 GC heap after
{Heap after GC invocations=822 (full 32):
 PSYoungGen      total 6144K, used 1512K [0x00000000eab00000, 0x00000000eba80000, 0x0000000100000000)
  eden space 4608K, 0% used [0x00000000eab00000,0x00000000eab00000,0x00000000eaf80000)
  from space 1536K, 98% used [0x00000000eaf80000,0x00000000eb0fa200,0x00000000eb100000)
  to   space 4608K, 0% used [0x00000000eb600000,0x00000000eb600000,0x00000000eba80000)
 ParOldGen       total 333824K, used 280028K [0x00000000c0000000, 0x00000000d4600000, 0x00000000eab00000)
  object space 333824K, 83% used [0x00000000c0000000,0x00000000d11772e8,0x00000000d4600000)
 Metaspace       used 101355K, committed 102976K, reserved 1179648K
  class space    used 10405K, committed 11136K, reserved 1048576K
}
Event: 701,078 GC heap before
{Heap before GC invocations=823 (full 32):
 PSYoungGen      total 6144K, used 6000K [0x00000000eab00000, 0x00000000eba80000, 0x0000000100000000)
  eden space 4608K, 97% used [0x00000000eab00000,0x00000000eaf61e58,0x00000000eaf80000)
  from space 1536K, 98% used [0x00000000eaf80000,0x00000000eb0fa200,0x00000000eb100000)
  to   space 4608K, 0% used [0x00000000eb600000,0x00000000eb600000,0x00000000eba80000)
 ParOldGen       total 333824K, used 280028K [0x00000000c0000000, 0x00000000d4600000, 0x00000000eab00000)
  object space 333824K, 83% used [0x00000000c0000000,0x00000000d11772e8,0x00000000d4600000)
 Metaspace       used 101355K, committed 102976K, reserved 1179648K
  class space    used 10405K, committed 11136K, reserved 1048576K
}
Event: 701,087 GC heap after
{Heap after GC invocations=823 (full 32):
 PSYoungGen      total 7680K, used 1624K [0x00000000eab00000, 0x00000000eb800000, 0x0000000100000000)
  eden space 5632K, 0% used [0x00000000eab00000,0x00000000eab00000,0x00000000eb080000)
  from space 2048K, 79% used [0x00000000eb600000,0x00000000eb796000,0x00000000eb800000)
  to   space 2560K, 0% used [0x00000000eb300000,0x00000000eb300000,0x00000000eb580000)
 ParOldGen       total 333824K, used 281217K [0x00000000c0000000, 0x00000000d4600000, 0x00000000eab00000)
  object space 333824K, 84% used [0x00000000c0000000,0x00000000d12a0508,0x00000000d4600000)
 Metaspace       used 101355K, committed 102976K, reserved 1179648K
  class space    used 10405K, committed 11136K, reserved 1048576K
}
Event: 701,104 GC heap before
{Heap before GC invocations=824 (full 32):
 PSYoungGen      total 7680K, used 7230K [0x00000000eab00000, 0x00000000eb800000, 0x0000000100000000)
  eden space 5632K, 99% used [0x00000000eab00000,0x00000000eb079898,0x00000000eb080000)
  from space 2048K, 79% used [0x00000000eb600000,0x00000000eb796000,0x00000000eb800000)
  to   space 2560K, 0% used [0x00000000eb300000,0x00000000eb300000,0x00000000eb580000)
 ParOldGen       total 333824K, used 281217K [0x00000000c0000000, 0x00000000d4600000, 0x00000000eab00000)
  object space 333824K, 84% used [0x00000000c0000000,0x00000000d12a0508,0x00000000d4600000)
 Metaspace       used 101359K, committed 102976K, reserved 1179648K
  class space    used 10405K, committed 11136K, reserved 1048576K
}
Event: 701,111 GC heap after
{Heap after GC invocations=824 (full 32):
 PSYoungGen      total 9728K, used 2556K [0x00000000eab00000, 0x00000000ebb00000, 0x0000000100000000)
  eden space 7168K, 0% used [0x00000000eab00000,0x00000000eab00000,0x00000000eb200000)
  from space 2560K, 99% used [0x00000000eb300000,0x00000000eb57f178,0x00000000eb580000)
  to   space 4608K, 0% used [0x00000000eb680000,0x00000000eb680000,0x00000000ebb00000)
 ParOldGen       total 333824K, used 282777K [0x00000000c0000000, 0x00000000d4600000, 0x00000000eab00000)
  object space 333824K, 84% used [0x00000000c0000000,0x00000000d1426528,0x00000000d4600000)
 Metaspace       used 101359K, committed 102976K, reserved 1179648K
  class space    used 10405K, committed 11136K, reserved 1048576K
}
Event: 701,126 GC heap before
{Heap before GC invocations=825 (full 32):
 PSYoungGen      total 9728K, used 9724K [0x00000000eab00000, 0x00000000ebb00000, 0x0000000100000000)
  eden space 7168K, 100% used [0x00000000eab00000,0x00000000eb200000,0x00000000eb200000)
  from space 2560K, 99% used [0x00000000eb300000,0x00000000eb57f178,0x00000000eb580000)
  to   space 4608K, 0% used [0x00000000eb680000,0x00000000eb680000,0x00000000ebb00000)
 ParOldGen       total 333824K, used 282777K [0x00000000c0000000, 0x00000000d4600000, 0x00000000eab00000)
  object space 333824K, 84% used [0x00000000c0000000,0x00000000d1426528,0x00000000d4600000)
 Metaspace       used 101360K, committed 102976K, reserved 1179648K
  class space    used 10405K, committed 11136K, reserved 1048576K
}
Event: 701,138 GC heap after
{Heap after GC invocations=825 (full 32):
 PSYoungGen      total 12288K, used 3283K [0x00000000eab00000, 0x00000000eba80000, 0x0000000100000000)
  eden space 8192K, 0% used [0x00000000eab00000,0x00000000eab00000,0x00000000eb300000)
  from space 4096K, 80% used [0x00000000eb680000,0x00000000eb9b4f80,0x00000000eba80000)
  to   space 3584K, 0% used [0x00000000eb300000,0x00000000eb300000,0x00000000eb680000)
 ParOldGen       total 333824K, used 285320K [0x00000000c0000000, 0x00000000d4600000, 0x00000000eab00000)
  object space 333824K, 85% used [0x00000000c0000000,0x00000000d16a21d0,0x00000000d4600000)
 Metaspace       used 101360K, committed 102976K, reserved 1179648K
  class space    used 10405K, committed 11136K, reserved 1048576K
}
Event: 701,156 GC heap before
{Heap before GC invocations=826 (full 32):
 PSYoungGen      total 12288K, used 11475K [0x00000000eab00000, 0x00000000eba80000, 0x0000000100000000)
  eden space 8192K, 100% used [0x00000000eab00000,0x00000000eb300000,0x00000000eb300000)
  from space 4096K, 80% used [0x00000000eb680000,0x00000000eb9b4f80,0x00000000eba80000)
  to   space 3584K, 0% used [0x00000000eb300000,0x00000000eb300000,0x00000000eb680000)
 ParOldGen       total 333824K, used 285320K [0x00000000c0000000, 0x00000000d4600000, 0x00000000eab00000)
  object space 333824K, 85% used [0x00000000c0000000,0x00000000d16a21d0,0x00000000d4600000)
 Metaspace       used 101360K, committed 102976K, reserved 1179648K
  class space    used 10405K, committed 11136K, reserved 1048576K
}
Event: 701,163 GC heap after
{Heap after GC invocations=826 (full 32):
 PSYoungGen      total 11776K, used 3460K [0x00000000eab00000, 0x00000000ebc00000, 0x0000000100000000)
  eden space 8192K, 0% used [0x00000000eab00000,0x00000000eab00000,0x00000000eb300000)
  from space 3584K, 96% used [0x00000000eb300000,0x00000000eb661210,0x00000000eb680000)
  to   space 3584K, 0% used [0x00000000eb880000,0x00000000eb880000,0x00000000ebc00000)
 ParOldGen       total 333824K, used 288414K [0x00000000c0000000, 0x00000000d4600000, 0x00000000eab00000)
  object space 333824K, 86% used [0x00000000c0000000,0x00000000d19a7a58,0x00000000d4600000)
 Metaspace       used 101360K, committed 102976K, reserved 1179648K
  class space    used 10405K, committed 11136K, reserved 1048576K
}
Event: 701,272 GC heap before
{Heap before GC invocations=827 (full 32):
 PSYoungGen      total 11776K, used 11652K [0x00000000eab00000, 0x00000000ebc00000, 0x0000000100000000)
  eden space 8192K, 100% used [0x00000000eab00000,0x00000000eb300000,0x00000000eb300000)
  from space 3584K, 96% used [0x00000000eb300000,0x00000000eb661210,0x00000000eb680000)
  to   space 3584K, 0% used [0x00000000eb880000,0x00000000eb880000,0x00000000ebc00000)
 ParOldGen       total 333824K, used 319134K [0x00000000c0000000, 0x00000000d4600000, 0x00000000eab00000)
  object space 333824K, 95% used [0x00000000c0000000,0x00000000d37a7a88,0x00000000d4600000)
 Metaspace       used 101392K, committed 102976K, reserved 1179648K
  class space    used 10405K, committed 11136K, reserved 1048576K
}
Event: 701,278 GC heap after
{Heap after GC invocations=827 (full 32):
 PSYoungGen      total 12288K, used 1869K [0x00000000eab00000, 0x00000000eba80000, 0x0000000100000000)
  eden space 10240K, 0% used [0x00000000eab00000,0x00000000eab00000,0x00000000eb500000)
  from space 2048K, 91% used [0x00000000eb880000,0x00000000eba53620,0x00000000eba80000)
  to   space 2560K, 0% used [0x00000000eb580000,0x00000000eb580000,0x00000000eb800000)
 ParOldGen       total 333824K, used 322119K [0x00000000c0000000, 0x00000000d4600000, 0x00000000eab00000)
  object space 333824K, 96% used [0x00000000c0000000,0x00000000d3a91d38,0x00000000d4600000)
 Metaspace       used 101392K, committed 102976K, reserved 1179648K
  class space    used 10405K, committed 11136K, reserved 1048576K
}

